<?xml version="1.0" encoding="UTF-8"?>
<!-- Generated by org.testng.reporters.JUnitReportReporter -->
<testsuite skipped="0" hostname="lenovo" name="tests.ViewOrdersTest" tests="1" failures="0" timestamp="08 Feb 2018 00:17:43 GMT" time="15.588" errors="0">
  <testcase name="testForPreviousOrders" time="15.588" classname="tests.ViewOrdersTest"/>
</testsuite> <!-- tests.ViewOrdersTest -->
