<?xml version="1.0" encoding="UTF-8"?>
<!-- Generated by org.testng.reporters.JUnitReportReporter -->
<testsuite skipped="0" hostname="lenovo" name="tests.HappyPathTest" tests="1" failures="0" timestamp="08 Feb 2018 00:17:43 GMT" time="43.924" errors="0">
  <testcase name="testForPurchasingTwoItems" time="43.924" classname="tests.HappyPathTest"/>
</testsuite> <!-- tests.HappyPathTest -->
